已經開始建置於 2017/3/18 上午 02:01:55。
     1>節點 2 (Build 目標) 上的專案 "D:\Student Era\NTUST\Lab\OpenCV(VS2012)\MultiQRcodeDecode\MultiQRcodeDecode\MultiQRcodeDecode.vcxproj"。
     1>ClCompile:
         C:\Program Files (x86)\Microsoft Visual Studio 11.0\VC\bin\CL.exe /c /ZI /nologo /W3 /WX- /sdl /Od /Oy- /D WIN32 /D _DEBUG /D _CONSOLE /D _UNICODE /D UNICODE /D _CRT_SECURE_NO_WARNINGS /Gm /EHsc /RTC1 /MDd /GS /fp:precise /Zc:wchar_t /Zc:forScope /Yu"stdafx.h" /Fp"Debug\MultiQRcodeDecode.pch" /Fo"Debug\\" /Fd"Debug\vc110.pdb" /Gd /TP /analyze- /errorReport:prompt MultiQRcodeDecode.cpp
         MultiQRcodeDecode.cpp
     1>c:\opencv\build\include\opencv2\flann\dist.h : warning C4819: 檔案含有無法在目前字碼頁 (950) 中表示的字元。請以 Unicode 格式儲存檔案以防止資料遺失
     1>c:\opencv\build\include\opencv2\legacy\compat.hpp : warning C4819: 檔案含有無法在目前字碼頁 (950) 中表示的字元。請以 Unicode 格式儲存檔案以防止資料遺失
     1>d:\student era\ntust\lab\opencv(vs2012)\multiqrcodedecode\multiqrcodedecode\multiqrcodedecode.cpp(264): warning C4244: '=' : 將 'int' 轉換為 'float'，由於型別不同，可能導致資料遺失
     1>d:\student era\ntust\lab\opencv(vs2012)\multiqrcodedecode\multiqrcodedecode\multiqrcodedecode.cpp(265): warning C4244: '=' : 將 'int' 轉換為 'float'，由於型別不同，可能導致資料遺失
     1>d:\student era\ntust\lab\opencv(vs2012)\multiqrcodedecode\multiqrcodedecode\multiqrcodedecode.cpp(266): warning C4244: '=' : 將 'int' 轉換為 'float'，由於型別不同，可能導致資料遺失
     1>d:\student era\ntust\lab\opencv(vs2012)\multiqrcodedecode\multiqrcodedecode\multiqrcodedecode.cpp(267): warning C4244: '=' : 將 'int' 轉換為 'float'，由於型別不同，可能導致資料遺失
     1>d:\student era\ntust\lab\opencv(vs2012)\multiqrcodedecode\multiqrcodedecode\multiqrcodedecode.cpp(363): warning C4101: 'warp_img_ROI' : 未參考的區域變數
     1>d:\student era\ntust\lab\opencv(vs2012)\multiqrcodedecode\multiqrcodedecode\multiqrcodedecode.cpp(362): warning C4101: 'warp_img' : 未參考的區域變數
       Link:
         C:\Program Files (x86)\Microsoft Visual Studio 11.0\VC\bin\link.exe /ERRORREPORT:PROMPT /OUT:"D:\Student Era\NTUST\Lab\OpenCV(VS2012)\MultiQRcodeDecode\Debug\MultiQRcodeDecode.exe" /INCREMENTAL /NOLOGO opencv_calib3d2411d.lib opencv_contrib2411d.lib opencv_core2411d.lib opencv_features2d2411d.lib opencv_flann2411d.lib opencv_gpu2411d.lib opencv_highgui2411d.lib opencv_imgproc2411d.lib opencv_legacy2411d.lib opencv_ml2411d.lib opencv_nonfree2411d.lib opencv_objdetect2411d.lib opencv_photo2411d.lib opencv_stitching2411d.lib opencv_superres2411d.lib opencv_ts2411d.lib opencv_video2411d.lib opencv_videostab2411d.lib kernel32.lib user32.lib gdi32.lib winspool.lib comdlg32.lib advapi32.lib shell32.lib ole32.lib oleaut32.lib uuid.lib odbc32.lib odbccp32.lib "libzbar-0.lib" /MANIFEST /MANIFESTUAC:"level='asInvoker' uiAccess='false'" /manifest:embed /DEBUG /PDB:"D:\Student Era\NTUST\Lab\OpenCV(VS2012)\MultiQRcodeDecode\Debug\MultiQRcodeDecode.pdb" /SUBSYSTEM:CONSOLE /TLBID:1 /DYNAMICBASE /NXCOMPAT /IMPLIB:"D:\Student Era\NTUST\Lab\OpenCV(VS2012)\MultiQRcodeDecode\Debug\MultiQRcodeDecode.lib" /MACHINE:X86 Debug\MultiQRcodeDecode.obj
         Debug\stdafx.obj
         MultiQRcodeDecode.vcxproj -> D:\Student Era\NTUST\Lab\OpenCV(VS2012)\MultiQRcodeDecode\Debug\MultiQRcodeDecode.exe
     1>專案 "D:\Student Era\NTUST\Lab\OpenCV(VS2012)\MultiQRcodeDecode\MultiQRcodeDecode\MultiQRcodeDecode.vcxproj" (Build 目標) 建置完成。

建置成功。

經過時間 00:00:03.75
